0 info it worked if it ends with ok
1 verbose cli [ '/usr/local/Cellar/node/5.2.0/bin/node',
1 verbose cli   '/usr/local/bin/npm',
1 verbose cli   'install',
1 verbose cli   'lucasferreira/react-native-webview-android' ]
2 info using npm@3.3.12
3 info using node@v5.2.0
4 silly loadCurrentTree Starting
5 silly install loadCurrentTree
6 silly install readLocalPackageData
7 silly fetchPackageMetaData lucasferreira/react-native-webview-android
8 silly fetchOtherPackageData lucasferreira/react-native-webview-android
9 silly cache add args [ 'lucasferreira/react-native-webview-android', null ]
10 verbose cache add spec lucasferreira/react-native-webview-android
11 silly cache add parsed spec Result {
11 silly cache add   raw: 'lucasferreira/react-native-webview-android',
11 silly cache add   scope: null,
11 silly cache add   name: null,
11 silly cache add   rawSpec: 'lucasferreira/react-native-webview-android',
11 silly cache add   spec: 'github:lucasferreira/react-native-webview-android',
11 silly cache add   type: 'hosted',
11 silly cache add   hosted:
11 silly cache add    { type: 'github',
11 silly cache add      ssh: 'git@github.com:lucasferreira/react-native-webview-android.git',
11 silly cache add      sshUrl: 'git+ssh://git@github.com/lucasferreira/react-native-webview-android.git',
11 silly cache add      httpsUrl: 'git+https://github.com/lucasferreira/react-native-webview-android.git',
11 silly cache add      gitUrl: 'git://github.com/lucasferreira/react-native-webview-android.git',
11 silly cache add      shortcut: 'github:lucasferreira/react-native-webview-android',
11 silly cache add      directUrl: 'https://raw.githubusercontent.com/lucasferreira/react-native-webview-android/master/package.json' } }
12 verbose addRemoteGit caching lucasferreira/react-native-webview-android
13 verbose addRemoteGit lucasferreira/react-native-webview-android is a repository hosted by github
14 silly tryGitProto attempting to clone git://github.com/lucasferreira/react-native-webview-android.git
15 silly tryClone cloning lucasferreira/react-native-webview-android via git://github.com/lucasferreira/react-native-webview-android.git
16 verbose tryClone git-github-com-lucasferreira-react-native-webview-android-git-14b1608b74dba56694edfb882699f598 not in flight; caching
17 info git [ 'clone',
17 info git   '--template=/Users/yeoupooh/.npm/_git-remotes/_templates',
17 info git   '--mirror',
17 info git   'git://github.com/lucasferreira/react-native-webview-android.git',
17 info git   '/Users/yeoupooh/.npm/_git-remotes/git-github-com-lucasferreira-react-native-webview-android-git-14b1608b74dba56694edfb882699f598' ]
18 verbose mirrorRemote lucasferreira/react-native-webview-android git clone git://github.com/lucasferreira/react-native-webview-android.git
19 verbose setPermissions lucasferreira/react-native-webview-android set permissions on /Users/yeoupooh/.npm/_git-remotes/git-github-com-lucasferreira-react-native-webview-android-git-14b1608b74dba56694edfb882699f598
20 verbose resolveHead lucasferreira/react-native-webview-android original treeish: master
21 info git [ 'rev-list', '-n1', 'master' ]
22 silly resolveHead lucasferreira/react-native-webview-android resolved treeish: fed0659a4e48d4017abb88a1850e4e2d23cb23fb
23 verbose resolveHead lucasferreira/react-native-webview-android resolved Git URL: git://github.com/lucasferreira/react-native-webview-android.git#fed0659a4e48d4017abb88a1850e4e2d23cb23fb
24 silly resolveHead Git working directory: /var/folders/sw/6l13y7m93qs7p4dzptx9k8t00000gn/T/npm-48021-644e26dc/git-cache-44ebea0ea10f4fb6cfecfd36dd268b14/fed0659a4e48d4017abb88a1850e4e2d23cb23fb
25 info git [ 'clone',
25 info git   '/Users/yeoupooh/.npm/_git-remotes/git-github-com-lucasferreira-react-native-webview-android-git-14b1608b74dba56694edfb882699f598',
25 info git   '/var/folders/sw/6l13y7m93qs7p4dzptx9k8t00000gn/T/npm-48021-644e26dc/git-cache-44ebea0ea10f4fb6cfecfd36dd268b14/fed0659a4e48d4017abb88a1850e4e2d23cb23fb' ]
26 verbose cloneResolved lucasferreira/react-native-webview-android clone Cloning into '/var/folders/sw/6l13y7m93qs7p4dzptx9k8t00000gn/T/npm-48021-644e26dc/git-cache-44ebea0ea10f4fb6cfecfd36dd268b14/fed0659a4e48d4017abb88a1850e4e2d23cb23fb'...
26 verbose cloneResolved done.
27 info git [ 'checkout', 'fed0659a4e48d4017abb88a1850e4e2d23cb23fb' ]
28 verbose checkoutTreeish lucasferreira/react-native-webview-android checkout Note: checking out 'fed0659a4e48d4017abb88a1850e4e2d23cb23fb'.
28 verbose checkoutTreeish
28 verbose checkoutTreeish You are in 'detached HEAD' state. You can look around, make experimental
28 verbose checkoutTreeish changes and commit them, and you can discard any commits you make in this
28 verbose checkoutTreeish state without impacting any branches by performing another checkout.
28 verbose checkoutTreeish
28 verbose checkoutTreeish If you want to create a new branch to retain commits you create, you may
28 verbose checkoutTreeish do so (now or later) by using -b with the checkout command again. Example:
28 verbose checkoutTreeish
28 verbose checkoutTreeish   git checkout -b <new-branch-name>
28 verbose checkoutTreeish
28 verbose checkoutTreeish HEAD is now at fed0659... Merge pull request #10 from sethherr/patch-1
29 verbose addLocalDirectory /Users/yeoupooh/.npm/react-native-webview-android/1.0.11/package.tgz not in flight; packing
30 verbose tar pack [ '/Users/yeoupooh/.npm/react-native-webview-android/1.0.11/package.tgz',
30 verbose tar pack   '/var/folders/sw/6l13y7m93qs7p4dzptx9k8t00000gn/T/npm-48021-644e26dc/git-cache-44ebea0ea10f4fb6cfecfd36dd268b14/fed0659a4e48d4017abb88a1850e4e2d23cb23fb' ]
31 verbose tarball /Users/yeoupooh/.npm/react-native-webview-android/1.0.11/package.tgz
32 verbose folder /var/folders/sw/6l13y7m93qs7p4dzptx9k8t00000gn/T/npm-48021-644e26dc/git-cache-44ebea0ea10f4fb6cfecfd36dd268b14/fed0659a4e48d4017abb88a1850e4e2d23cb23fb
33 verbose addLocalTarball adding from inside cache /Users/yeoupooh/.npm/react-native-webview-android/1.0.11/package.tgz
34 verbose addRemoteGit data._from: lucasferreira/react-native-webview-android
35 verbose addRemoteGit data._resolved: git://github.com/lucasferreira/react-native-webview-android.git#fed0659a4e48d4017abb88a1850e4e2d23cb23fb
36 silly cache afterAdd react-native-webview-android@1.0.11
37 verbose afterAdd /Users/yeoupooh/.npm/react-native-webview-android/1.0.11/package/package.json not in flight; writing
38 verbose afterAdd /Users/yeoupooh/.npm/react-native-webview-android/1.0.11/package/package.json written
39 silly install normalizeTree
40 silly loadCurrentTree Finishing
41 silly loadIdealTree Starting
42 silly install loadIdealTree
43 silly cloneCurrentTree Starting
44 silly install cloneCurrentTreeToIdealTree
45 silly cloneCurrentTree Finishing
46 silly loadShrinkwrap Starting
47 silly install loadShrinkwrap
48 silly loadShrinkwrap Finishing
49 silly loadAllDepsIntoIdealTree Starting
50 silly install loadAllDepsIntoIdealTree
51 silly rollbackFailedOptional Starting
52 silly rollbackFailedOptional Finishing
53 silly runTopLevelLifecycles Starting
54 silly runTopLevelLifecycles Finishing
55 silly install printInstalled
56 verbose stack Error: Refusing to install react-native-webview-android as a dependency of itself
56 verbose stack     at checkSelf (/usr/local/lib/node_modules/npm/lib/install/validate-args.js:40:14)
56 verbose stack     at Array.<anonymous> (/usr/local/lib/node_modules/npm/node_modules/slide/lib/bind-actor.js:15:8)
56 verbose stack     at LOOP (/usr/local/lib/node_modules/npm/node_modules/slide/lib/chain.js:15:14)
56 verbose stack     at chain (/usr/local/lib/node_modules/npm/node_modules/slide/lib/chain.js:20:5)
56 verbose stack     at /usr/local/lib/node_modules/npm/lib/install/validate-args.js:15:5
56 verbose stack     at /usr/local/lib/node_modules/npm/node_modules/slide/lib/async-map.js:52:35
56 verbose stack     at Array.forEach (native)
56 verbose stack     at /usr/local/lib/node_modules/npm/node_modules/slide/lib/async-map.js:52:11
56 verbose stack     at Array.forEach (native)
56 verbose stack     at asyncMap (/usr/local/lib/node_modules/npm/node_modules/slide/lib/async-map.js:51:8)
57 verbose cwd /Users/yeoupooh/Documents/git/public/github/react-native-webview-android
58 error Darwin 15.2.0
59 error argv "/usr/local/Cellar/node/5.2.0/bin/node" "/usr/local/bin/npm" "install" "lucasferreira/react-native-webview-android"
60 error node v5.2.0
61 error npm  v3.3.12
62 error code ENOSELF
63 error Refusing to install react-native-webview-android as a dependency of itself
64 error If you need help, you may report this error at:
64 error     <https://github.com/npm/npm/issues>
65 verbose exit [ 1, true ]
